<?xml version="1.0" encoding="UTF-8"?>
<testng-results skipped="0" failed="0" ignored="0" total="1" passed="1">
  <reporter-output>
  </reporter-output>
  <suite name="Suite" duration-ms="34" started-at="2018-07-14T09:53:28Z" finished-at="2018-07-14T09:53:28Z">
    <groups>
    </groups>
    <test name="Test" duration-ms="34" started-at="2018-07-14T09:53:28Z" finished-at="2018-07-14T09:53:28Z">
      <class name="com.Smoke">
        <test-method status="PASS" signature="add()[pri:0, instance:com.Smoke@7a0ac6e3]" name="add" duration-ms="8" started-at="2018-07-14T09:53:28Z" finished-at="2018-07-14T09:53:28Z">
          <reporter-output>
          </reporter-output>
        </test-method> <!-- add -->
      </class> <!-- com.Smoke -->
    </test> <!-- Test -->
  </suite> <!-- Suite -->
</testng-results>
